{
  "RSpec": {
    "coverage": {
      "C:/Users/lukey/OneDrive - Technological University Dublin/Code/College Projects/ufc-voting-microservices/ufc-frontend/app/helpers/application_helper.rb": {
        "lines": [
          null,
          null,
          1,
          null
        ]
      },
      "C:/Users/lukey/OneDrive - Technological University Dublin/Code/College Projects/ufc-voting-microservices/ufc-frontend/app/helpers/home_helper.rb": {
        "lines": [
          null,
          null,
          1,
          null
        ]
      },
      "C:/Users/lukey/OneDrive - Technological University Dublin/Code/College Projects/ufc-voting-microservices/ufc-frontend/app/helpers/pages_helper.rb": {
        "lines": [
          null,
          null,
          1,
          null
        ]
      },
      "C:/Users/lukey/OneDrive - Technological University Dublin/Code/College Projects/ufc-voting-microservices/ufc-frontend/app/helpers/sessions_helper.rb": {
        "lines": [
          null,
          null,
          1,
          null
        ]
      },
      "C:/Users/lukey/OneDrive - Technological University Dublin/Code/College Projects/ufc-voting-microservices/ufc-frontend/app/helpers/users_helper.rb": {
        "lines": [
          null,
          null,
          1,
          null
        ]
      },
      "C:/Users/lukey/OneDrive - Technological University Dublin/Code/College Projects/ufc-voting-microservices/ufc-frontend/app/helpers/votes_helper.rb": {
        "lines": [
          null,
          null,
          1,
          null
        ]
      },
      "C:/Users/lukey/OneDrive - Technological University Dublin/Code/College Projects/ufc-voting-microservices/ufc-frontend/app/controllers/sessions_controller.rb": {
        "lines": [
          null,
          null,
          1,
          1,
          null,
          null,
          null,
          1,
          2,
          0,
          0,
          null,
          null,
          null,
          null,
          null,
          2,
          1,
          1,
          1,
          1,
          1,
          1,
          null,
          1,
          1,
          null,
          null,
          null,
          1,
          0,
          0,
          null,
          null
        ]
      },
      "C:/Users/lukey/OneDrive - Technological University Dublin/Code/College Projects/ufc-voting-microservices/ufc-frontend/app/controllers/application_controller.rb": {
        "lines": [
          null,
          null,
          1,
          1,
          1,
          null,
          1,
          null,
          1,
          4,
          null,
          4,
          null,
          null,
          null,
          null,
          null,
          null,
          1,
          4,
          null,
          null,
          1,
          0,
          null,
          null,
          1,
          4,
          null,
          0,
          null,
          null,
          1,
          0,
          null,
          0,
          null,
          null
        ]
      },
      "C:/Users/lukey/OneDrive - Technological University Dublin/Code/College Projects/ufc-voting-microservices/ufc-frontend/app/controllers/users_controller.rb": {
        "lines": [
          null,
          null,
          1,
          1,
          1,
          null,
          1,
          null,
          null,
          null,
          1,
          0,
          null,
          null,
          null,
          1,
          2,
          null,
          null,
          null,
          null,
          null,
          null,
          null,
          null,
          2,
          1,
          1,
          null,
          1,
          1,
          1,
          null,
          null,
          null,
          null,
          1,
          0,
          0,
          null,
          null
        ]
      },
      "C:/Users/lukey/OneDrive - Technological University Dublin/Code/College Projects/ufc-voting-microservices/ufc-frontend/app/controllers/votes_controller.rb": {
        "lines": [
          null,
          null,
          1,
          1,
          null,
          1,
          null,
          1,
          null,
          1,
          0,
          0,
          null,
          null,
          0,
          0,
          null,
          0,
          0,
          null,
          null,
          null,
          1,
          4,
          0,
          0,
          0,
          0,
          null,
          null,
          null,
          null,
          null,
          null,
          null,
          null,
          4,
          null,
          3,
          1,
          2,
          1,
          null,
          1,
          1,
          null,
          1,
          1,
          1,
          1,
          null,
          null,
          null,
          1,
          0,
          0,
          null,
          null,
          0,
          0,
          null,
          0,
          0,
          null,
          null,
          null,
          null,
          null,
          null,
          null,
          null,
          null
        ]
      },
      "C:/Users/lukey/OneDrive - Technological University Dublin/Code/College Projects/ufc-voting-microservices/ufc-frontend/app/channels/application_cable/channel.rb": {
        "lines": [
          null,
          null,
          0,
          0,
          0,
          0
        ],
        "branches": {}
      },
      "C:/Users/lukey/OneDrive - Technological University Dublin/Code/College Projects/ufc-voting-microservices/ufc-frontend/app/channels/application_cable/connection.rb": {
        "lines": [
          null,
          null,
          0,
          0,
          0,
          0
        ],
        "branches": {}
      },
      "C:/Users/lukey/OneDrive - Technological University Dublin/Code/College Projects/ufc-voting-microservices/ufc-frontend/app/controllers/admin_controller.rb": {
        "lines": [
          null,
          null,
          0,
          0,
          null,
          0,
          0,
          null,
          0,
          0,
          null,
          0,
          0,
          0,
          0,
          0,
          0,
          0,
          null,
          0,
          0,
          null,
          0,
          0,
          0,
          null,
          0,
          0,
          0,
          0,
          0,
          0,
          0,
          null,
          0,
          0,
          null,
          0,
          null,
          0,
          0,
          0,
          0,
          0,
          0,
          0,
          0
        ],
        "branches": {}
      },
      "C:/Users/lukey/OneDrive - Technological University Dublin/Code/College Projects/ufc-voting-microservices/ufc-frontend/app/controllers/fighters_controller.rb": {
        "lines": [
          null,
          null,
          0,
          0,
          0,
          null,
          0,
          null,
          0,
          0,
          0,
          null,
          null,
          0,
          0,
          null,
          0,
          0,
          0,
          0,
          0,
          0,
          0,
          null,
          0,
          null,
          0,
          0,
          0,
          0,
          0,
          0,
          0,
          null,
          0,
          0,
          0,
          0,
          0,
          0,
          0,
          0,
          0,
          0
        ],
        "branches": {}
      },
      "C:/Users/lukey/OneDrive - Technological University Dublin/Code/College Projects/ufc-voting-microservices/ufc-frontend/app/controllers/home_controller.rb": {
        "lines": [
          null,
          null,
          0,
          0,
          null,
          0,
          0,
          0,
          null,
          0,
          0,
          0,
          0,
          0,
          0,
          0,
          0
        ],
        "branches": {}
      },
      "C:/Users/lukey/OneDrive - Technological University Dublin/Code/College Projects/ufc-voting-microservices/ufc-frontend/app/controllers/pages_controller.rb": {
        "lines": [
          null,
          null,
          0,
          0,
          0
        ],
        "branches": {}
      },
      "C:/Users/lukey/OneDrive - Technological University Dublin/Code/College Projects/ufc-voting-microservices/ufc-frontend/app/jobs/application_job.rb": {
        "lines": [
          null,
          null,
          0,
          null,
          null,
          null,
          null,
          null,
          0
        ],
        "branches": {}
      },
      "C:/Users/lukey/OneDrive - Technological University Dublin/Code/College Projects/ufc-voting-microservices/ufc-frontend/app/mailers/application_mailer.rb": {
        "lines": [
          null,
          null,
          0,
          0,
          0,
          0
        ],
        "branches": {}
      }
    },
    "timestamp": 1745350996
  }
}
